<?xml version="1.0" encoding="UTF-8"?>
<testsuite xmlns:xsi="http://www.w3.org/2001/XMLSchema-instance" xsi:noNamespaceSchemaLocation="https://maven.apache.org/surefire/maven-surefire-plugin/xsd/surefire-test-report-3.0.xsd" version="3.0" name="org.cst8288Lab2.reports.ReporterTest" time="0.037" tests="3" errors="0" skipped="0" failures="0">
  <properties>
[...]
</properties>
  <testcase name="testReportError" classname="org.cst8288Lab2.reports.ReporterTest" time="0.013">
    <system-out><![CDATA[reportError
Unable to save row 0: 

]]></system-out>
  </testcase>
  <testcase name="testReportSuccess" classname="org.cst8288Lab2.reports.ReporterTest" time="0.017">
    <system-out><![CDATA[reportSuccess
2024-03-20 09-54: 0 records is added on Student, 0 records is added on Course, 0 records is added on StudentCourse

]]></system-out>
  </testcase>
  <testcase name="testGetInstance" classname="org.cst8288Lab2.reports.ReporterTest" time="0.002">
    <system-out><![CDATA[getInstance
]]></system-out>
  </testcase>
</testsuite>